INFO main org.hibernate.annotations.common.Version - HCANN000001: Hibernate Commons Annotations {4.0.4.Final}
INFO main org.hibernate.Version - HHH000412: Hibernate Core {4.3.5.Final}
INFO main org.hibernate.cfg.Environment - HHH000206: hibernate.properties not found
INFO main org.hibernate.cfg.Environment - HHH000021: Bytecode provider name : javassist
INFO main org.hibernate.cfg.Configuration - HHH000042: Configuring from file: hibernate.cfg.xml
INFO main org.hibernate.cfg.Configuration - HHH000041: Configured SessionFactory: null
INFO main org.hibernate.dialect.Dialect - HHH000400: Using dialect: org.hibernate.dialect.MySQLDialect
INFO main org.hibernate.tool.hbm2ddl.SchemaExport - HHH000227: Running hbm2ddl schema export
WARN main org.hibernate.engine.jdbc.connections.internal.DriverManagerConnectionProviderImpl - HHH000402: Using Hibernate built-in connection pool (not for production use!)
INFO main org.hibernate.engine.jdbc.connections.internal.DriverManagerConnectionProviderImpl - HHH000401: using driver [com.mysql.jdbc.Driver] at URL [jdbc:mysql://localhost:3306/db_TimeOnline]
INFO main org.hibernate.engine.jdbc.connections.internal.DriverManagerConnectionProviderImpl - HHH000046: Connection properties: {user=root, password=****}
INFO main org.hibernate.engine.jdbc.connections.internal.DriverManagerConnectionProviderImpl - HHH000006: Autocommit mode: false
INFO main org.hibernate.engine.jdbc.connections.internal.DriverManagerConnectionProviderImpl - HHH000115: Hibernate connection pool size: 20 (min=1)
INFO main org.hibernate.engine.jdbc.connections.internal.DriverManagerConnectionProviderImpl - HHH000030: Cleaning up connection pool [jdbc:mysql://localhost:3306/db_TimeOnline]
INFO main org.hibernate.tool.hbm2ddl.SchemaExport - HHH000230: Schema export complete
INFO main org.hibernate.annotations.common.Version - HCANN000001: Hibernate Commons Annotations {4.0.4.Final}
INFO main org.hibernate.Version - HHH000412: Hibernate Core {4.3.5.Final}
INFO main org.hibernate.cfg.Environment - HHH000206: hibernate.properties not found
INFO main org.hibernate.cfg.Environment - HHH000021: Bytecode provider name : javassist
INFO main org.hibernate.cfg.Configuration - HHH000042: Configuring from file: hibernate.cfg.xml
INFO main org.hibernate.cfg.Configuration - HHH000041: Configured SessionFactory: null
INFO main org.hibernate.dialect.Dialect - HHH000400: Using dialect: org.hibernate.dialect.MySQLDialect
INFO main org.hibernate.annotations.common.Version - HCANN000001: Hibernate Commons Annotations {4.0.4.Final}
INFO main org.hibernate.Version - HHH000412: Hibernate Core {4.3.5.Final}
INFO main org.hibernate.cfg.Environment - HHH000206: hibernate.properties not found
INFO main org.hibernate.cfg.Environment - HHH000021: Bytecode provider name : javassist
INFO main org.hibernate.cfg.Configuration - HHH000042: Configuring from file: hibernate.cfg.xml
INFO main org.hibernate.annotations.common.Version - HCANN000001: Hibernate Commons Annotations {4.0.4.Final}
INFO main org.hibernate.Version - HHH000412: Hibernate Core {4.3.5.Final}
INFO main org.hibernate.cfg.Environment - HHH000206: hibernate.properties not found
INFO main org.hibernate.cfg.Environment - HHH000021: Bytecode provider name : javassist
INFO main org.hibernate.cfg.Configuration - HHH000042: Configuring from file: hibernate.cfg.xml
INFO main org.hibernate.cfg.Configuration - HHH000041: Configured SessionFactory: null
INFO main org.hibernate.dialect.Dialect - HHH000400: Using dialect: org.hibernate.dialect.MySQLDialect
INFO main org.hibernate.tool.hbm2ddl.SchemaExport - HHH000227: Running hbm2ddl schema export
WARN main org.hibernate.engine.jdbc.connections.internal.DriverManagerConnectionProviderImpl - HHH000402: Using Hibernate built-in connection pool (not for production use!)
INFO main org.hibernate.engine.jdbc.connections.internal.DriverManagerConnectionProviderImpl - HHH000401: using driver [com.mysql.jdbc.Driver] at URL [jdbc:mysql://localhost:3306/db_TimeOnline]
INFO main org.hibernate.engine.jdbc.connections.internal.DriverManagerConnectionProviderImpl - HHH000046: Connection properties: {user=root, password=****}
INFO main org.hibernate.engine.jdbc.connections.internal.DriverManagerConnectionProviderImpl - HHH000006: Autocommit mode: false
INFO main org.hibernate.engine.jdbc.connections.internal.DriverManagerConnectionProviderImpl - HHH000115: Hibernate connection pool size: 20 (min=1)
INFO main org.hibernate.engine.jdbc.connections.internal.DriverManagerConnectionProviderImpl - HHH000030: Cleaning up connection pool [jdbc:mysql://localhost:3306/db_TimeOnline]
INFO main org.hibernate.tool.hbm2ddl.SchemaExport - HHH000230: Schema export complete
INFO main org.hibernate.annotations.common.Version - HCANN000001: Hibernate Commons Annotations {4.0.4.Final}
INFO main org.hibernate.Version - HHH000412: Hibernate Core {4.3.5.Final}
INFO main org.hibernate.cfg.Environment - HHH000206: hibernate.properties not found
INFO main org.hibernate.cfg.Environment - HHH000021: Bytecode provider name : javassist
INFO main org.hibernate.cfg.Configuration - HHH000042: Configuring from file: hibernate.cfg.xml
INFO main org.hibernate.cfg.Configuration - HHH000041: Configured SessionFactory: null
INFO main org.hibernate.dialect.Dialect - HHH000400: Using dialect: org.hibernate.dialect.MySQLDialect
INFO main org.hibernate.tool.hbm2ddl.SchemaExport - HHH000227: Running hbm2ddl schema export
WARN main org.hibernate.engine.jdbc.connections.internal.DriverManagerConnectionProviderImpl - HHH000402: Using Hibernate built-in connection pool (not for production use!)
INFO main org.hibernate.engine.jdbc.connections.internal.DriverManagerConnectionProviderImpl - HHH000401: using driver [com.mysql.jdbc.Driver] at URL [jdbc:mysql://localhost:3306/db_TimeOnline]
INFO main org.hibernate.engine.jdbc.connections.internal.DriverManagerConnectionProviderImpl - HHH000046: Connection properties: {user=root, password=****}
INFO main org.hibernate.engine.jdbc.connections.internal.DriverManagerConnectionProviderImpl - HHH000006: Autocommit mode: false
INFO main org.hibernate.engine.jdbc.connections.internal.DriverManagerConnectionProviderImpl - HHH000115: Hibernate connection pool size: 20 (min=1)
INFO main org.hibernate.engine.jdbc.connections.internal.DriverManagerConnectionProviderImpl - HHH000030: Cleaning up connection pool [jdbc:mysql://localhost:3306/db_TimeOnline]
INFO main org.hibernate.tool.hbm2ddl.SchemaExport - HHH000230: Schema export complete
DEBUG main org.jboss.logging - Logging Provider: org.jboss.logging.Log4jLoggerProvider
DEBUG main org.hibernate.type.BasicTypeRegistry - Adding type registration boolean -> org.hibernate.type.BooleanType@6280d069
DEBUG main org.hibernate.type.BasicTypeRegistry - Adding type registration boolean -> org.hibernate.type.BooleanType@6280d069
DEBUG main org.hibernate.type.BasicTypeRegistry - Adding type registration java.lang.Boolean -> org.hibernate.type.BooleanType@6280d069
DEBUG main org.hibernate.type.BasicTypeRegistry - Adding type registration numeric_boolean -> org.hibernate.type.NumericBooleanType@6f18a7e0
DEBUG main org.hibernate.type.BasicTypeRegistry - Adding type registration true_false -> org.hibernate.type.TrueFalseType@649df6e3
DEBUG main org.hibernate.type.BasicTypeRegistry - Adding type registration yes_no -> org.hibernate.type.YesNoType@2d64ff8f
DEBUG main org.hibernate.type.BasicTypeRegistry - Adding type registration byte -> org.hibernate.type.ByteType@309238ca
DEBUG main org.hibernate.type.BasicTypeRegistry - Adding type registration byte -> org.hibernate.type.ByteType@309238ca
DEBUG main org.hibernate.type.BasicTypeRegistry - Adding type registration java.lang.Byte -> org.hibernate.type.ByteType@309238ca
DEBUG main org.hibernate.type.BasicTypeRegistry - Adding type registration character -> org.hibernate.type.CharacterType@28ca66b4
DEBUG main org.hibernate.type.BasicTypeRegistry - Adding type registration char -> org.hibernate.type.CharacterType@28ca66b4
DEBUG main org.hibernate.type.BasicTypeRegistry - Adding type registration java.lang.Character -> org.hibernate.type.CharacterType@28ca66b4
DEBUG main org.hibernate.type.BasicTypeRegistry - Adding type registration short -> org.hibernate.type.ShortType@761f4ff9
DEBUG main org.hibernate.type.BasicTypeRegistry - Adding type registration short -> org.hibernate.type.ShortType@761f4ff9
DEBUG main org.hibernate.type.BasicTypeRegistry - Adding type registration java.lang.Short -> org.hibernate.type.ShortType@761f4ff9
DEBUG main org.hibernate.type.BasicTypeRegistry - Adding type registration integer -> org.hibernate.type.IntegerType@423a346f
DEBUG main org.hibernate.type.BasicTypeRegistry - Adding type registration int -> org.hibernate.type.IntegerType@423a346f
DEBUG main org.hibernate.type.BasicTypeRegistry - Adding type registration java.lang.Integer -> org.hibernate.type.IntegerType@423a346f
DEBUG main org.hibernate.type.BasicTypeRegistry - Adding type registration long -> org.hibernate.type.LongType@3b29642c
DEBUG main org.hibernate.type.BasicTypeRegistry - Adding type registration long -> org.hibernate.type.LongType@3b29642c
DEBUG main org.hibernate.type.BasicTypeRegistry - Adding type registration java.lang.Long -> org.hibernate.type.LongType@3b29642c
DEBUG main org.hibernate.type.BasicTypeRegistry - Adding type registration float -> org.hibernate.type.FloatType@25b5dab5
DEBUG main org.hibernate.type.BasicTypeRegistry - Adding type registration float -> org.hibernate.type.FloatType@25b5dab5
DEBUG main org.hibernate.type.BasicTypeRegistry - Adding type registration java.lang.Float -> org.hibernate.type.FloatType@25b5dab5
DEBUG main org.hibernate.type.BasicTypeRegistry - Adding type registration double -> org.hibernate.type.DoubleType@63a751ff
DEBUG main org.hibernate.type.BasicTypeRegistry - Adding type registration double -> org.hibernate.type.DoubleType@63a751ff
DEBUG main org.hibernate.type.BasicTypeRegistry - Adding type registration java.lang.Double -> org.hibernate.type.DoubleType@63a751ff
DEBUG main org.hibernate.type.BasicTypeRegistry - Adding type registration big_decimal -> org.hibernate.type.BigDecimalType@3de5da76
DEBUG main org.hibernate.type.BasicTypeRegistry - Adding type registration java.math.BigDecimal -> org.hibernate.type.BigDecimalType@3de5da76
DEBUG main org.hibernate.type.BasicTypeRegistry - Adding type registration big_integer -> org.hibernate.type.BigIntegerType@68ce4f39
DEBUG main org.hibernate.type.BasicTypeRegistry - Adding type registration java.math.BigInteger -> org.hibernate.type.BigIntegerType@68ce4f39
DEBUG main org.hibernate.type.BasicTypeRegistry - Adding type registration string -> org.hibernate.type.StringType@c0df980
DEBUG main org.hibernate.type.BasicTypeRegistry - Adding type registration java.lang.String -> org.hibernate.type.StringType@c0df980
DEBUG main org.hibernate.type.BasicTypeRegistry - Adding type registration nstring -> org.hibernate.type.StringNVarcharType@40b3c884
DEBUG main org.hibernate.type.BasicTypeRegistry - Adding type registration ncharacter -> org.hibernate.type.CharacterNCharType@523f6ca4
DEBUG main org.hibernate.type.BasicTypeRegistry - Adding type registration url -> org.hibernate.type.UrlType@391e680f
DEBUG main org.hibernate.type.BasicTypeRegistry - Adding type registration java.net.URL -> org.hibernate.type.UrlType@391e680f
DEBUG main org.hibernate.type.BasicTypeRegistry - Adding type registration date -> org.hibernate.type.DateType@4032a615
DEBUG main org.hibernate.type.BasicTypeRegistry - Adding type registration java.sql.Date -> org.hibernate.type.DateType@4032a615
DEBUG main org.hibernate.type.BasicTypeRegistry - Adding type registration time -> org.hibernate.type.TimeType@4deb033c
DEBUG main org.hibernate.type.BasicTypeRegistry - Adding type registration java.sql.Time -> org.hibernate.type.TimeType@4deb033c
DEBUG main org.hibernate.type.BasicTypeRegistry - Adding type registration timestamp -> org.hibernate.type.TimestampType@2e746d6d
DEBUG main org.hibernate.type.BasicTypeRegistry - Adding type registration java.sql.Timestamp -> org.hibernate.type.TimestampType@2e746d6d
DEBUG main org.hibernate.type.BasicTypeRegistry - Adding type registration java.util.Date -> org.hibernate.type.TimestampType@2e746d6d
DEBUG main org.hibernate.type.BasicTypeRegistry - Adding type registration dbtimestamp -> org.hibernate.type.DbTimestampType@68f1e723
DEBUG main org.hibernate.type.BasicTypeRegistry - Adding type registration calendar -> org.hibernate.type.CalendarType@551510e4
DEBUG main org.hibernate.type.BasicTypeRegistry - Adding type registration java.util.Calendar -> org.hibernate.type.CalendarType@551510e4
DEBUG main org.hibernate.type.BasicTypeRegistry - Adding type registration java.util.GregorianCalendar -> org.hibernate.type.CalendarType@551510e4
DEBUG main org.hibernate.type.BasicTypeRegistry - Adding type registration calendar_date -> org.hibernate.type.CalendarDateType@327958ef
DEBUG main org.hibernate.type.BasicTypeRegistry - Adding type registration locale -> org.hibernate.type.LocaleType@980b32
DEBUG main org.hibernate.type.BasicTypeRegistry - Adding type registration java.util.Locale -> org.hibernate.type.LocaleType@980b32
DEBUG main org.hibernate.type.BasicTypeRegistry - Adding type registration currency -> org.hibernate.type.CurrencyType@2a299bf5
DEBUG main org.hibernate.type.BasicTypeRegistry - Adding type registration java.util.Currency -> org.hibernate.type.CurrencyType@2a299bf5
DEBUG main org.hibernate.type.BasicTypeRegistry - Adding type registration timezone -> org.hibernate.type.TimeZoneType@4007ab03
DEBUG main org.hibernate.type.BasicTypeRegistry - Adding type registration java.util.TimeZone -> org.hibernate.type.TimeZoneType@4007ab03
DEBUG main org.hibernate.type.BasicTypeRegistry - Adding type registration class -> org.hibernate.type.ClassType@1a754a4a
DEBUG main org.hibernate.type.BasicTypeRegistry - Adding type registration java.lang.Class -> org.hibernate.type.ClassType@1a754a4a
DEBUG main org.hibernate.type.BasicTypeRegistry - Adding type registration uuid-binary -> org.hibernate.type.UUIDBinaryType@428643e3
DEBUG main org.hibernate.type.BasicTypeRegistry - Adding type registration java.util.UUID -> org.hibernate.type.UUIDBinaryType@428643e3
DEBUG main org.hibernate.type.BasicTypeRegistry - Adding type registration uuid-char -> org.hibernate.type.UUIDCharType@43816032
DEBUG main org.hibernate.type.BasicTypeRegistry - Adding type registration pg-uuid -> org.hibernate.type.PostgresUUIDType@61c658c9
DEBUG main org.hibernate.type.BasicTypeRegistry - Adding type registration binary -> org.hibernate.type.BinaryType@d2ebdb3
DEBUG main org.hibernate.type.BasicTypeRegistry - Adding type registration byte[] -> org.hibernate.type.BinaryType@d2ebdb3
DEBUG main org.hibernate.type.BasicTypeRegistry - Adding type registration [B -> org.hibernate.type.BinaryType@d2ebdb3
DEBUG main org.hibernate.type.BasicTypeRegistry - Adding type registration wrapper-binary -> org.hibernate.type.WrapperBinaryType@2cf5e0f0
DEBUG main org.hibernate.type.BasicTypeRegistry - Adding type registration Byte[] -> org.hibernate.type.WrapperBinaryType@2cf5e0f0
DEBUG main org.hibernate.type.BasicTypeRegistry - Adding type registration [Ljava.lang.Byte; -> org.hibernate.type.WrapperBinaryType@2cf5e0f0
DEBUG main org.hibernate.type.BasicTypeRegistry - Adding type registration image -> org.hibernate.type.ImageType@56a1e78
DEBUG main org.hibernate.type.BasicTypeRegistry - Adding type registration characters -> org.hibernate.type.CharArrayType@4932f4f0
DEBUG main org.hibernate.type.BasicTypeRegistry - Adding type registration char[] -> org.hibernate.type.CharArrayType@4932f4f0
DEBUG main org.hibernate.type.BasicTypeRegistry - Adding type registration [C -> org.hibernate.type.CharArrayType@4932f4f0
DEBUG main org.hibernate.type.BasicTypeRegistry - Adding type registration wrapper-characters -> org.hibernate.type.CharacterArrayType@64ce2228
DEBUG main org.hibernate.type.BasicTypeRegistry - Adding type registration [Ljava.lang.Character; -> org.hibernate.type.CharacterArrayType@64ce2228
DEBUG main org.hibernate.type.BasicTypeRegistry - Adding type registration Character[] -> org.hibernate.type.CharacterArrayType@64ce2228
DEBUG main org.hibernate.type.BasicTypeRegistry - Adding type registration text -> org.hibernate.type.TextType@6261b548
DEBUG main org.hibernate.type.BasicTypeRegistry - Adding type registration ntext -> org.hibernate.type.NTextType@144d8db0
DEBUG main org.hibernate.type.BasicTypeRegistry - Adding type registration blob -> org.hibernate.type.BlobType@bcb4598
DEBUG main org.hibernate.type.BasicTypeRegistry - Adding type registration java.sql.Blob -> org.hibernate.type.BlobType@bcb4598
DEBUG main org.hibernate.type.BasicTypeRegistry - Adding type registration materialized_blob -> org.hibernate.type.MaterializedBlobType@45990e2
DEBUG main org.hibernate.type.BasicTypeRegistry - Adding type registration clob -> org.hibernate.type.ClobType@d64a659
DEBUG main org.hibernate.type.BasicTypeRegistry - Adding type registration java.sql.Clob -> org.hibernate.type.ClobType@d64a659
DEBUG main org.hibernate.type.BasicTypeRegistry - Adding type registration nclob -> org.hibernate.type.NClobType@53d5264c
DEBUG main org.hibernate.type.BasicTypeRegistry - Adding type registration java.sql.NClob -> org.hibernate.type.NClobType@53d5264c
DEBUG main org.hibernate.type.BasicTypeRegistry - Adding type registration materialized_clob -> org.hibernate.type.MaterializedClobType@21d392b9
DEBUG main org.hibernate.type.BasicTypeRegistry - Adding type registration materialized_nclob -> org.hibernate.type.MaterializedNClobType@36c14a61
DEBUG main org.hibernate.type.BasicTypeRegistry - Adding type registration serializable -> org.hibernate.type.SerializableType@72af7b86
DEBUG main org.hibernate.type.BasicTypeRegistry - Adding type registration object -> org.hibernate.type.ObjectType@19f21412
DEBUG main org.hibernate.type.BasicTypeRegistry - Adding type registration java.lang.Object -> org.hibernate.type.ObjectType@19f21412
DEBUG main org.hibernate.type.BasicTypeRegistry - Adding type registration imm_date -> org.hibernate.type.AdaptedImmutableType@67e89f1b
DEBUG main org.hibernate.type.BasicTypeRegistry - Adding type registration imm_time -> org.hibernate.type.AdaptedImmutableType@5925dae8
DEBUG main org.hibernate.type.BasicTypeRegistry - Adding type registration imm_timestamp -> org.hibernate.type.AdaptedImmutableType@4446e311
DEBUG main org.hibernate.type.BasicTypeRegistry - Adding type registration imm_dbtimestamp -> org.hibernate.type.AdaptedImmutableType@9e5941c
DEBUG main org.hibernate.type.BasicTypeRegistry - Adding type registration imm_calendar -> org.hibernate.type.AdaptedImmutableType@3f5ebf57
DEBUG main org.hibernate.type.BasicTypeRegistry - Adding type registration imm_calendar_date -> org.hibernate.type.AdaptedImmutableType@65640941
DEBUG main org.hibernate.type.BasicTypeRegistry - Adding type registration imm_binary -> org.hibernate.type.AdaptedImmutableType@a9bbe68
DEBUG main org.hibernate.type.BasicTypeRegistry - Adding type registration imm_serializable -> org.hibernate.type.AdaptedImmutableType@76f1a348
INFO main org.hibernate.annotations.common.Version - HCANN000001: Hibernate Commons Annotations {4.0.4.Final}
INFO main org.hibernate.Version - HHH000412: Hibernate Core {4.3.5.Final}
INFO main org.hibernate.cfg.Environment - HHH000206: hibernate.properties not found
INFO main org.hibernate.cfg.Environment - HHH000021: Bytecode provider name : javassist
DEBUG main org.hibernate.id.factory.internal.DefaultIdentifierGeneratorFactory - Registering IdentifierGenerator strategy [uuid2] -> [org.hibernate.id.UUIDGenerator]
DEBUG main org.hibernate.id.factory.internal.DefaultIdentifierGeneratorFactory - Registering IdentifierGenerator strategy [guid] -> [org.hibernate.id.GUIDGenerator]
DEBUG main org.hibernate.id.factory.internal.DefaultIdentifierGeneratorFactory - Registering IdentifierGenerator strategy [uuid] -> [org.hibernate.id.UUIDHexGenerator]
DEBUG main org.hibernate.id.factory.internal.DefaultIdentifierGeneratorFactory - Registering IdentifierGenerator strategy [uuid.hex] -> [org.hibernate.id.UUIDHexGenerator]
DEBUG main org.hibernate.id.factory.internal.DefaultIdentifierGeneratorFactory - Registering IdentifierGenerator strategy [hilo] -> [org.hibernate.id.TableHiLoGenerator]
DEBUG main org.hibernate.id.factory.internal.DefaultIdentifierGeneratorFactory - Registering IdentifierGenerator strategy [assigned] -> [org.hibernate.id.Assigned]
DEBUG main org.hibernate.id.factory.internal.DefaultIdentifierGeneratorFactory - Registering IdentifierGenerator strategy [identity] -> [org.hibernate.id.IdentityGenerator]
DEBUG main org.hibernate.id.factory.internal.DefaultIdentifierGeneratorFactory - Registering IdentifierGenerator strategy [select] -> [org.hibernate.id.SelectGenerator]
DEBUG main org.hibernate.id.factory.internal.DefaultIdentifierGeneratorFactory - Registering IdentifierGenerator strategy [sequence] -> [org.hibernate.id.SequenceGenerator]
DEBUG main org.hibernate.id.factory.internal.DefaultIdentifierGeneratorFactory - Registering IdentifierGenerator strategy [seqhilo] -> [org.hibernate.id.SequenceHiLoGenerator]
DEBUG main org.hibernate.id.factory.internal.DefaultIdentifierGeneratorFactory - Registering IdentifierGenerator strategy [increment] -> [org.hibernate.id.IncrementGenerator]
DEBUG main org.hibernate.id.factory.internal.DefaultIdentifierGeneratorFactory - Registering IdentifierGenerator strategy [foreign] -> [org.hibernate.id.ForeignGenerator]
DEBUG main org.hibernate.id.factory.internal.DefaultIdentifierGeneratorFactory - Registering IdentifierGenerator strategy [sequence-identity] -> [org.hibernate.id.SequenceIdentityGenerator]
DEBUG main org.hibernate.id.factory.internal.DefaultIdentifierGeneratorFactory - Registering IdentifierGenerator strategy [enhanced-sequence] -> [org.hibernate.id.enhanced.SequenceStyleGenerator]
DEBUG main org.hibernate.id.factory.internal.DefaultIdentifierGeneratorFactory - Registering IdentifierGenerator strategy [enhanced-table] -> [org.hibernate.id.enhanced.TableGenerator]
INFO main org.hibernate.cfg.Configuration - HHH000042: Configuring from file: hibernate.cfg.xml
DEBUG main org.hibernate.internal.util.xml.DTDEntityResolver - Trying to resolve system-id [http://www.hibernate.org/dtd/hibernate-configuration-3.0.dtd]
DEBUG main org.hibernate.internal.util.xml.DTDEntityResolver - Recognized hibernate namespace; attempting to resolve on classpath under org/hibernate/
DEBUG main org.hibernate.internal.util.xml.DTDEntityResolver - Located [http://www.hibernate.org/dtd/hibernate-configuration-3.0.dtd] in classpath
DEBUG main org.hibernate.cfg.Configuration - current_session_context_class=thread
DEBUG main org.hibernate.cfg.Configuration - dialect=org.hibernate.dialect.MySQLDialect
DEBUG main org.hibernate.cfg.Configuration - connection.url=jdbc:mysql://localhost:3306/db_TimeOnline
DEBUG main org.hibernate.cfg.Configuration - connection.username=root
DEBUG main org.hibernate.cfg.Configuration - connection.password=137590332
DEBUG main org.hibernate.cfg.Configuration - connection.driver_class=com.mysql.jdbc.Driver
DEBUG main org.hibernate.cfg.Configuration - hibernate.show_sql=true
DEBUG main org.hibernate.cfg.Configuration - Session-factory config [null] named class [org.ninthgang.time.domain.User] for mapping
DEBUG main org.hibernate.cfg.Configuration - Session-factory config [null] named class [org.ninthgang.time.domain.Tutor] for mapping
DEBUG main org.hibernate.cfg.Configuration - Session-factory config [null] named class [org.ninthgang.time.domain.Student] for mapping
INFO main org.hibernate.cfg.Configuration - HHH000041: Configured SessionFactory: null
DEBUG main org.hibernate.cfg.Configuration - Properties: {hibernate.connection.password=137590332, java.runtime.name=Java(TM) SE Runtime Environment, sun.boot.library.path=E:\SoftWare\MyEclipse Professional 2014\binary\com.sun.java.jdk7.win32.x86_64_1.7.0.u45\jre\bin, java.vm.version=24.45-b08, hibernate.connection.username=root, java.vm.vendor=Oracle Corporation, java.vendor.url=http://java.oracle.com/, path.separator=;, java.vm.name=Java HotSpot(TM) 64-Bit Server VM, file.encoding.pkg=sun.io, user.script=, user.country=CN, sun.java.launcher=SUN_STANDARD, sun.os.patch.level=, java.vm.specification.name=Java Virtual Machine Specification, user.dir=E:\AppCode\Workspaces\MyEclipse Professional 2014-2\TimeOnline, java.runtime.version=1.7.0_45-b18, java.awt.graphicsenv=sun.awt.Win32GraphicsEnvironment, hibernate.current_session_context_class=thread, java.endorsed.dirs=E:\SoftWare\MyEclipse Professional 2014\binary\com.sun.java.jdk7.win32.x86_64_1.7.0.u45\jre\lib\endorsed, os.arch=amd64, java.io.tmpdir=C:\Users\LINGQI~1\AppData\Local\Temp\, line.separator=
, java.vm.specification.vendor=Oracle Corporation, user.variant=, os.name=Windows 8, sun.jnu.encoding=GBK, java.library.path=E:\SoftWare\MyEclipse Professional 2014\binary\com.sun.java.jdk7.win32.x86_64_1.7.0.u45\bin;C:\WINDOWS\Sun\Java\bin;C:\WINDOWS\system32;C:\WINDOWS;C:\Program Files (x86)\NVIDIA Corporation\PhysX\Common;C:\WINDOWS\system32;C:\WINDOWS;C:\WINDOWS\System32\Wbem;C:\WINDOWS\System32\WindowsPowerShell\v1.0\;C:\Program Files\Intel\WiFi\bin\;C:\Program Files\Common Files\Intel\WirelessCommon\“;C:\Program Files\Java\jdk1.7.0_71\bin;C:\Program Files\Java\jdk1.7.0_71\jre\bin;E:\SoftWare\TortoiseSVN\bin;E:\SoftWare\MySQL\MySQL Utilities 1.3.4\;C:\Program Files\Microsoft SQL Server\110\DTS\Binn\;C:\Program Files (x86)\Microsoft SQL Server\110\Tools\Binn\;C:\Program Files\Microsoft SQL Server\110\Tools\Binn\;C:\Program Files (x86)\Microsoft SQL Server\110\Tools\Binn\ManagementStudio\;C:\Program Files (x86)\Microsoft Visual Studio 10.0\Common7\IDE\PrivateAssemblies\;C:\Program Files (x86)\Microsoft SQL Server\110\DTS\Binn\;E:\Tools\eclipse\SDK_22.3\tools;E:\Tools\eclipse\SDK_22.3\platform-tools;C:\Program Files (x86)\IDM Computer Solutions\UltraEdit\;., java.specification.name=Java Platform API Specification, java.class.version=51.0, sun.management.compiler=HotSpot 64-Bit Tiered Compilers, os.version=6.2, connection.password=137590332, user.home=C:\Users\lingqiusang, user.timezone=, connection.username=root, java.awt.printerjob=sun.awt.windows.WPrinterJob, file.encoding=UTF-8, java.specification.version=1.7, hibernate.connection.driver_class=com.mysql.jdbc.Driver, java.class.path=E:\AppCode\Workspaces\MyEclipse Professional 2014-2\TimeOnline\WebRoot\WEB-INF\classes;E:\AppCode\Workspaces\MyEclipse Professional 2014-2\TimeOnline\WebRoot\WEB-INF\lib\antlr-2.7.6.jar;E:\AppCode\Workspaces\MyEclipse Professional 2014-2\TimeOnline\WebRoot\WEB-INF\lib\asm-3.3.jar;E:\AppCode\Workspaces\MyEclipse Professional 2014-2\TimeOnline\WebRoot\WEB-INF\lib\asm-commons-3.3.jar;E:\AppCode\Workspaces\MyEclipse Professional 2014-2\TimeOnline\WebRoot\WEB-INF\lib\asm-tree-3.3.jar;E:\AppCode\Workspaces\MyEclipse Professional 2014-2\TimeOnline\WebRoot\WEB-INF\lib\c3p0-0.9.2.1.jar;E:\AppCode\Workspaces\MyEclipse Professional 2014-2\TimeOnline\WebRoot\WEB-INF\lib\com.springsource.org.apache.commons.httpclient-3.1.0.jar;E:\AppCode\Workspaces\MyEclipse Professional 2014-2\TimeOnline\WebRoot\WEB-INF\lib\commons-beanutils-1.7.0.jar;E:\AppCode\Workspaces\MyEclipse Professional 2014-2\TimeOnline\WebRoot\WEB-INF\lib\commons-codec-1.3.jar;E:\AppCode\Workspaces\MyEclipse Professional 2014-2\TimeOnline\WebRoot\WEB-INF\lib\commons-collections-3.2.jar;E:\AppCode\Workspaces\MyEclipse Professional 2014-2\TimeOnline\WebRoot\WEB-INF\lib\commons-fileupload-1.3.1.jar;E:\AppCode\Workspaces\MyEclipse Professional 2014-2\TimeOnline\WebRoot\WEB-INF\lib\commons-io-2.2.jar;E:\AppCode\Workspaces\MyEclipse Professional 2014-2\TimeOnline\WebRoot\WEB-INF\lib\commons-lang-2.4.jar;E:\AppCode\Workspaces\MyEclipse Professional 2014-2\TimeOnline\WebRoot\WEB-INF\lib\commons-lang3-3.1.jar;E:\AppCode\Workspaces\MyEclipse Professional 2014-2\TimeOnline\WebRoot\WEB-INF\lib\commons-logging-1.1.1.jar;E:\AppCode\Workspaces\MyEclipse Professional 2014-2\TimeOnline\WebRoot\WEB-INF\lib\commons-logging-1.1.3.jar;E:\AppCode\Workspaces\MyEclipse Professional 2014-2\TimeOnline\WebRoot\WEB-INF\lib\dom4j-1.6.1.jar;E:\AppCode\Workspaces\MyEclipse Professional 2014-2\TimeOnline\WebRoot\WEB-INF\lib\ezmorph-1.0.4.jar;E:\AppCode\Workspaces\MyEclipse Professional 2014-2\TimeOnline\WebRoot\WEB-INF\lib\freemarker-2.3.19.jar;E:\AppCode\Workspaces\MyEclipse Professional 2014-2\TimeOnline\WebRoot\WEB-INF\lib\gson-2.2.4.jar;E:\AppCode\Workspaces\MyEclipse Professional 2014-2\TimeOnline\WebRoot\WEB-INF\lib\hibernate-commons-annotations-4.0.4.Final.jar;E:\AppCode\Workspaces\MyEclipse Professional 2014-2\TimeOnline\WebRoot\WEB-INF\lib\hibernate-core-4.3.5.Final.jar;E:\AppCode\Workspaces\MyEclipse Professional 2014-2\TimeOnline\WebRoot\WEB-INF\lib\hibernate-jpa-2.1-api-1.0.0.Final.jar;E:\AppCode\Workspaces\MyEclipse Professional 2014-2\TimeOnline\WebRoot\WEB-INF\lib\javassist-3.11.0.GA.jar;E:\AppCode\Workspaces\MyEclipse Professional 2014-2\TimeOnline\WebRoot\WEB-INF\lib\javassist-3.15.0-GA.jar;E:\AppCode\Workspaces\MyEclipse Professional 2014-2\TimeOnline\WebRoot\WEB-INF\lib\jboss-logging-3.1.3.GA.jar;E:\AppCode\Workspaces\MyEclipse Professional 2014-2\TimeOnline\WebRoot\WEB-INF\lib\jboss-logging-annotations-1.2.0.Beta1.jar;E:\AppCode\Workspaces\MyEclipse Professional 2014-2\TimeOnline\WebRoot\WEB-INF\lib\jboss-transaction-api_1.2_spec-1.0.0.Final.jar;E:\AppCode\Workspaces\MyEclipse Professional 2014-2\TimeOnline\WebRoot\WEB-INF\lib\json-lib-2.2.2-jdk15.jar;E:\AppCode\Workspaces\MyEclipse Professional 2014-2\TimeOnline\WebRoot\WEB-INF\lib\log4j-1.2.14.jar;E:\AppCode\Workspaces\MyEclipse Professional 2014-2\TimeOnline\WebRoot\WEB-INF\lib\log4j-1.2.17.jar;E:\AppCode\Workspaces\MyEclipse Professional 2014-2\TimeOnline\WebRoot\WEB-INF\lib\mchange-commons-java-0.2.3.4.jar;E:\AppCode\Workspaces\MyEclipse Professional 2014-2\TimeOnline\WebRoot\WEB-INF\lib\mysql-connector-java-5.1.30.jar;E:\AppCode\Workspaces\MyEclipse Professional 2014-2\TimeOnline\WebRoot\WEB-INF\lib\ognl-3.0.6.jar;E:\AppCode\Workspaces\MyEclipse Professional 2014-2\TimeOnline\WebRoot\WEB-INF\lib\servlet-api.jar;E:\AppCode\Workspaces\MyEclipse Professional 2014-2\TimeOnline\WebRoot\WEB-INF\lib\spring-aop-4.1.2.RELEASE.jar;E:\AppCode\Workspaces\MyEclipse Professional 2014-2\TimeOnline\WebRoot\WEB-INF\lib\spring-aspects-4.1.2.RELEASE.jar;E:\AppCode\Workspaces\MyEclipse Professional 2014-2\TimeOnline\WebRoot\WEB-INF\lib\spring-beans-4.1.2.RELEASE.jar;E:\AppCode\Workspaces\MyEclipse Professional 2014-2\TimeOnline\WebRoot\WEB-INF\lib\spring-context-4.1.2.RELEASE.jar;E:\AppCode\Workspaces\MyEclipse Professional 2014-2\TimeOnline\WebRoot\WEB-INF\lib\spring-context-support-4.1.2.RELEASE.jar;E:\AppCode\Workspaces\MyEclipse Professional 2014-2\TimeOnline\WebRoot\WEB-INF\lib\spring-core-4.1.2.RELEASE.jar;E:\AppCode\Workspaces\MyEclipse Professional 2014-2\TimeOnline\WebRoot\WEB-INF\lib\spring-expression-4.1.2.RELEASE.jar;E:\AppCode\Workspaces\MyEclipse Professional 2014-2\TimeOnline\WebRoot\WEB-INF\lib\spring-instrument-4.1.2.RELEASE.jar;E:\AppCode\Workspaces\MyEclipse Professional 2014-2\TimeOnline\WebRoot\WEB-INF\lib\spring-instrument-tomcat-4.1.2.RELEASE.jar;E:\AppCode\Workspaces\MyEclipse Professional 2014-2\TimeOnline\WebRoot\WEB-INF\lib\spring-jdbc-4.1.2.RELEASE.jar;E:\AppCode\Workspaces\MyEclipse Professional 2014-2\TimeOnline\WebRoot\WEB-INF\lib\spring-jms-4.1.2.RELEASE.jar;E:\AppCode\Workspaces\MyEclipse Professional 2014-2\TimeOnline\WebRoot\WEB-INF\lib\spring-messaging-4.1.2.RELEASE.jar;E:\AppCode\Workspaces\MyEclipse Professional 2014-2\TimeOnline\WebRoot\WEB-INF\lib\spring-orm-4.1.2.RELEASE.jar;E:\AppCode\Workspaces\MyEclipse Professional 2014-2\TimeOnline\WebRoot\WEB-INF\lib\spring-oxm-4.1.2.RELEASE.jar;E:\AppCode\Workspaces\MyEclipse Professional 2014-2\TimeOnline\WebRoot\WEB-INF\lib\spring-test-4.1.2.RELEASE.jar;E:\AppCode\Workspaces\MyEclipse Professional 2014-2\TimeOnline\WebRoot\WEB-INF\lib\spring-tx-4.1.2.RELEASE.jar;E:\AppCode\Workspaces\MyEclipse Professional 2014-2\TimeOnline\WebRoot\WEB-INF\lib\spring-web-4.1.2.RELEASE.jar;E:\AppCode\Workspaces\MyEclipse Professional 2014-2\TimeOnline\WebRoot\WEB-INF\lib\spring-webmvc-4.1.2.RELEASE.jar;E:\AppCode\Workspaces\MyEclipse Professional 2014-2\TimeOnline\WebRoot\WEB-INF\lib\spring-webmvc-portlet-4.1.2.RELEASE.jar;E:\AppCode\Workspaces\MyEclipse Professional 2014-2\TimeOnline\WebRoot\WEB-INF\lib\spring-websocket-4.1.2.RELEASE.jar;E:\AppCode\Workspaces\MyEclipse Professional 2014-2\TimeOnline\WebRoot\WEB-INF\lib\struts2-convention-plugin-2.3.16.3.jar;E:\AppCode\Workspaces\MyEclipse Professional 2014-2\TimeOnline\WebRoot\WEB-INF\lib\struts2-core-2.3.16.3.jar;E:\AppCode\Workspaces\MyEclipse Professional 2014-2\TimeOnline\WebRoot\WEB-INF\lib\struts2-spring-plugin-2.3.16.3.jar;E:\AppCode\Workspaces\MyEclipse Professional 2014-2\TimeOnline\WebRoot\WEB-INF\lib\xstream-1.3.1.jar;E:\AppCode\Workspaces\MyEclipse Professional 2014-2\TimeOnline\WebRoot\WEB-INF\lib\xwork-core-2.3.16.3.jar;E:\SoftWare\MyEclipse Professional 2014\plugins\com.genuitec.eclipse.j2eedt.core_11.5.0.me201311281640\data\libraryset\EE_6\bean-validator.jar;E:\SoftWare\MyEclipse Professional 2014\plugins\com.genuitec.eclipse.j2eedt.core_11.5.0.me201311281640\data\libraryset\EE_6\javax.annotation.jar;E:\SoftWare\MyEclipse Professional 2014\plugins\com.genuitec.eclipse.j2eedt.core_11.5.0.me201311281640\data\libraryset\EE_6\javax.ejb.jar;E:\SoftWare\MyEclipse Professional 2014\plugins\com.genuitec.eclipse.j2eedt.core_11.5.0.me201311281640\data\libraryset\EE_6\javax.enterprise.deploy.jar;E:\SoftWare\MyEclipse Professional 2014\plugins\com.genuitec.eclipse.j2eedt.core_11.5.0.me201311281640\data\libraryset\EE_6\javax.jms.jar;E:\SoftWare\MyEclipse Professional 2014\plugins\com.genuitec.eclipse.j2eedt.core_11.5.0.me201311281640\data\libraryset\EE_6\javax.management.j2ee.jar;E:\SoftWare\MyEclipse Professional 2014\plugins\com.genuitec.eclipse.j2eedt.core_11.5.0.me201311281640\data\libraryset\EE_6\javax.persistence.jar;E:\SoftWare\MyEclipse Professional 2014\plugins\com.genuitec.eclipse.j2eedt.core_11.5.0.me201311281640\data\libraryset\EE_6\javax.resource.jar;E:\SoftWare\MyEclipse Professional 2014\plugins\com.genuitec.eclipse.j2eedt.core_11.5.0.me201311281640\data\libraryset\EE_6\javax.security.auth.message.jar;E:\SoftWare\MyEclipse Professional 2014\plugins\com.genuitec.eclipse.j2eedt.core_11.5.0.me201311281640\data\libraryset\EE_6\javax.security.jacc.jar;E:\SoftWare\MyEclipse Professional 2014\plugins\com.genuitec.eclipse.j2eedt.core_11.5.0.me201311281640\data\libraryset\EE_6\javax.servlet.jar;E:\SoftWare\MyEclipse Professional 2014\plugins\com.genuitec.eclipse.j2eedt.core_11.5.0.me201311281640\data\libraryset\EE_6\javax.servlet.jsp.jar;E:\SoftWare\MyEclipse Professional 2014\plugins\com.genuitec.eclipse.j2eedt.core_11.5.0.me201311281640\data\libraryset\EE_6\javax.transaction.jar;E:\SoftWare\MyEclipse Professional 2014\plugins\com.genuitec.eclipse.j2eedt.core_11.5.0.me201311281640\data\libraryset\EE_6\jaxb-api-osgi.jar;E:\SoftWare\MyEclipse Professional 2014\plugins\com.genuitec.eclipse.j2eedt.core_11.5.0.me201311281640\data\libraryset\EE_6\jsr311-api.jar;E:\SoftWare\MyEclipse Professional 2014\plugins\com.genuitec.eclipse.j2eedt.core_11.5.0.me201311281640\data\libraryset\EE_6\mail.jar;E:\SoftWare\MyEclipse Professional 2014\plugins\com.genuitec.eclipse.j2eedt.core_11.5.0.me201311281640\data\libraryset\EE_6\webservices-api-osgi.jar;E:\SoftWare\MyEclipse Professional 2014\plugins\com.genuitec.eclipse.j2eedt.core_11.5.0.me201311281640\data\libraryset\EE_6\weld-osgi-bundle.jar;E:\SoftWare\MyEclipse Professional 2014\plugins\com.genuitec.eclipse.j2eedt.core_11.5.0.me201311281640\data\libraryset\JSTL1.2.1\lib\javax.servlet.jsp.jstl.jar;E:\SoftWare\MyEclipse Professional 2014\plugins\com.genuitec.eclipse.j2eedt.core_11.5.0.me201311281640\data\libraryset\JSTL1.2.1\lib\jstl-impl.jar;E:\SoftWare\MyEclipse Professional 2014\plugins\org.junit_4.11.0.v201303080030\junit.jar;E:\SoftWare\MyEclipse Professional 2014\plugins\org.hamcrest.core_1.3.0.v201303031735.jar, user.name=lingqiusang, hibernate.bytecode.use_reflection_optimizer=false, hibernate.show_sql=true, current_session_context_class=thread, java.vm.specification.version=1.7, sun.java.command=org.ninthgang.time.tool.HibernateSchemaExport, java.home=E:\SoftWare\MyEclipse Professional 2014\binary\com.sun.java.jdk7.win32.x86_64_1.7.0.u45\jre, sun.arch.data.model=64, hibernate.connection.url=jdbc:mysql://localhost:3306/db_TimeOnline, hibernate.dialect=org.hibernate.dialect.MySQLDialect, user.language=zh, java.specification.vendor=Oracle Corporation, awt.toolkit=sun.awt.windows.WToolkit, java.vm.info=mixed mode, java.version=1.7.0_45, java.ext.dirs=E:\SoftWare\MyEclipse Professional 2014\binary\com.sun.java.jdk7.win32.x86_64_1.7.0.u45\jre\lib\ext;C:\WINDOWS\Sun\Java\lib\ext, sun.boot.class.path=E:\SoftWare\MyEclipse Professional 2014\binary\com.sun.java.jdk7.win32.x86_64_1.7.0.u45\jre\lib\resources.jar;E:\SoftWare\MyEclipse Professional 2014\binary\com.sun.java.jdk7.win32.x86_64_1.7.0.u45\jre\lib\rt.jar;E:\SoftWare\MyEclipse Professional 2014\binary\com.sun.java.jdk7.win32.x86_64_1.7.0.u45\jre\lib\sunrsasign.jar;E:\SoftWare\MyEclipse Professional 2014\binary\com.sun.java.jdk7.win32.x86_64_1.7.0.u45\jre\lib\jsse.jar;E:\SoftWare\MyEclipse Professional 2014\binary\com.sun.java.jdk7.win32.x86_64_1.7.0.u45\jre\lib\jce.jar;E:\SoftWare\MyEclipse Professional 2014\binary\com.sun.java.jdk7.win32.x86_64_1.7.0.u45\jre\lib\charsets.jar;E:\SoftWare\MyEclipse Professional 2014\binary\com.sun.java.jdk7.win32.x86_64_1.7.0.u45\jre\lib\jfr.jar;E:\SoftWare\MyEclipse Professional 2014\binary\com.sun.java.jdk7.win32.x86_64_1.7.0.u45\jre\classes, java.vendor=Oracle Corporation, connection.driver_class=com.mysql.jdbc.Driver, file.separator=\, java.vendor.url.bug=http://bugreport.sun.com/bugreport/, sun.io.unicode.encoding=UnicodeLittle, sun.cpu.endian=little, sun.desktop=windows, connection.url=jdbc:mysql://localhost:3306/db_TimeOnline, dialect=org.hibernate.dialect.MySQLDialect, sun.cpu.isalist=amd64}
INFO main org.hibernate.dialect.Dialect - HHH000400: Using dialect: org.hibernate.dialect.MySQLDialect
DEBUG main org.hibernate.cfg.Configuration - Processing hbm.xml files
DEBUG main org.hibernate.cfg.Configuration - Process annotated classes
DEBUG main org.hibernate.cfg.AnnotationBinder - Binding entity from annotated class: org.ninthgang.time.domain.User
DEBUG main org.hibernate.cfg.Ejb3Column - Binding column: Ejb3DiscriminatorColumn{logicalColumnName'DTYPE', discriminatorTypeName='string'}
DEBUG main org.hibernate.cfg.AnnotationBinder - No value specified for 'javax.persistence.sharedCache.mode'; using UNSPECIFIED
DEBUG main org.hibernate.cfg.annotations.EntityBinder - Import with entity name User
DEBUG main org.hibernate.cfg.annotations.EntityBinder - Bind entity org.ninthgang.time.domain.User on table t_user
DEBUG main org.hibernate.cfg.Ejb3Column - Binding column: Ejb3Column{table=org.hibernate.mapping.Table(t_user), mappingColumn=id, insertable=true, updatable=true, unique=false}
DEBUG main org.hibernate.cfg.annotations.PropertyBinder - MetadataSourceProcessor property id with lazy=false
DEBUG main org.hibernate.cfg.AbstractPropertyHolder - Attempting to locate auto-apply AttributeConverter for property [org.ninthgang.time.domain.User:id]
DEBUG main org.hibernate.cfg.annotations.SimpleValueBinder - building SimpleValue for id
DEBUG main org.hibernate.cfg.annotations.PropertyBinder - Building property id
DEBUG main org.hibernate.cfg.Ejb3Column - Binding column: Ejb3Column{table=org.hibernate.mapping.Table(t_user), mappingColumn=lastSignInDate, insertable=true, updatable=true, unique=false}
DEBUG main org.hibernate.cfg.annotations.PropertyBinder - MetadataSourceProcessor property lastSignInDate with lazy=false
DEBUG main org.hibernate.cfg.AbstractPropertyHolder - Attempting to locate auto-apply AttributeConverter for property [org.ninthgang.time.domain.User:lastSignInDate]
DEBUG main org.hibernate.cfg.annotations.SimpleValueBinder - building SimpleValue for lastSignInDate
DEBUG main org.hibernate.cfg.annotations.PropertyBinder - Building property lastSignInDate
DEBUG main org.hibernate.cfg.Ejb3Column - Binding column: Ejb3Column{table=org.hibernate.mapping.Table(t_user), mappingColumn=signInCount, insertable=true, updatable=true, unique=false}
DEBUG main org.hibernate.cfg.annotations.PropertyBinder - MetadataSourceProcessor property signInCount with lazy=false
DEBUG main org.hibernate.cfg.AbstractPropertyHolder - Attempting to locate auto-apply AttributeConverter for property [org.ninthgang.time.domain.User:signInCount]
DEBUG main org.hibernate.cfg.annotations.SimpleValueBinder - building SimpleValue for signInCount
DEBUG main org.hibernate.cfg.annotations.PropertyBinder - Building property signInCount
DEBUG main org.hibernate.cfg.Ejb3Column - Binding column: Ejb3Column{table=org.hibernate.mapping.Table(t_user), mappingColumn=userName, insertable=true, updatable=true, unique=false}
DEBUG main org.hibernate.cfg.annotations.PropertyBinder - MetadataSourceProcessor property userName with lazy=false
DEBUG main org.hibernate.cfg.AbstractPropertyHolder - Attempting to locate auto-apply AttributeConverter for property [org.ninthgang.time.domain.User:userName]
DEBUG main org.hibernate.cfg.annotations.SimpleValueBinder - building SimpleValue for userName
DEBUG main org.hibernate.cfg.annotations.PropertyBinder - Building property userName
DEBUG main org.hibernate.cfg.AnnotationBinder - Binding entity from annotated class: org.ninthgang.time.domain.Tutor
DEBUG main org.hibernate.cfg.Ejb3Column - Binding column: Ejb3DiscriminatorColumn{logicalColumnName'DTYPE', discriminatorTypeName='string'}
DEBUG main org.hibernate.cfg.AnnotationBinder - No value specified for 'javax.persistence.sharedCache.mode'; using UNSPECIFIED
DEBUG main org.hibernate.cfg.annotations.EntityBinder - Import with entity name Tutor
DEBUG main org.hibernate.cfg.annotations.EntityBinder - Bind entity org.ninthgang.time.domain.Tutor on table t_fTutor
DEBUG main org.hibernate.cfg.Ejb3Column - Binding column: Ejb3Column{table=org.hibernate.mapping.Table(t_fTutor), mappingColumn=tID, insertable=true, updatable=true, unique=false}
DEBUG main org.hibernate.cfg.annotations.PropertyBinder - MetadataSourceProcessor property tID with lazy=false
DEBUG main org.hibernate.cfg.AbstractPropertyHolder - Attempting to locate auto-apply AttributeConverter for property [org.ninthgang.time.domain.Tutor:tID]
DEBUG main org.hibernate.cfg.annotations.SimpleValueBinder - building SimpleValue for tID
DEBUG main org.hibernate.cfg.annotations.PropertyBinder - Building property tID
DEBUG main org.hibernate.cfg.Ejb3Column - Binding column: Ejb3Column{table=org.hibernate.mapping.Table(t_fTutor), mappingColumn=name, insertable=true, updatable=true, unique=false}
DEBUG main org.hibernate.cfg.annotations.PropertyBinder - MetadataSourceProcessor property name with lazy=false
DEBUG main org.hibernate.cfg.AbstractPropertyHolder - Attempting to locate auto-apply AttributeConverter for property [org.ninthgang.time.domain.Tutor:name]
DEBUG main org.hibernate.cfg.annotations.SimpleValueBinder - building SimpleValue for name
DEBUG main org.hibernate.cfg.annotations.PropertyBinder - Building property name
DEBUG main org.hibernate.cfg.Ejb3Column - Binding column: Ejb3Column{table=org.hibernate.mapping.Table(t_fTutor), mappingColumn=tAddress, insertable=true, updatable=true, unique=false}
DEBUG main org.hibernate.cfg.annotations.PropertyBinder - MetadataSourceProcessor property tAddress with lazy=false
DEBUG main org.hibernate.cfg.AbstractPropertyHolder - Attempting to locate auto-apply AttributeConverter for property [org.ninthgang.time.domain.Tutor:tAddress]
DEBUG main org.hibernate.cfg.annotations.SimpleValueBinder - building SimpleValue for tAddress
DEBUG main org.hibernate.cfg.annotations.PropertyBinder - Building property tAddress
DEBUG main org.hibernate.cfg.Ejb3Column - Binding column: Ejb3Column{table=org.hibernate.mapping.Table(t_fTutor), mappingColumn=tCourse, insertable=true, updatable=true, unique=false}
DEBUG main org.hibernate.cfg.annotations.PropertyBinder - MetadataSourceProcessor property tCourse with lazy=false
DEBUG main org.hibernate.cfg.AbstractPropertyHolder - Attempting to locate auto-apply AttributeConverter for property [org.ninthgang.time.domain.Tutor:tCourse]
DEBUG main org.hibernate.cfg.annotations.SimpleValueBinder - building SimpleValue for tCourse
DEBUG main org.hibernate.cfg.annotations.PropertyBinder - Building property tCourse
DEBUG main org.hibernate.cfg.Ejb3Column - Binding column: Ejb3Column{table=org.hibernate.mapping.Table(t_fTutor), mappingColumn=tGrade, insertable=true, updatable=true, unique=false}
DEBUG main org.hibernate.cfg.annotations.PropertyBinder - MetadataSourceProcessor property tGrade with lazy=false
DEBUG main org.hibernate.cfg.AbstractPropertyHolder - Attempting to locate auto-apply AttributeConverter for property [org.ninthgang.time.domain.Tutor:tGrade]
DEBUG main org.hibernate.cfg.annotations.SimpleValueBinder - building SimpleValue for tGrade
DEBUG main org.hibernate.cfg.annotations.PropertyBinder - Building property tGrade
DEBUG main org.hibernate.cfg.Ejb3Column - Binding column: Ejb3Column{table=org.hibernate.mapping.Table(t_fTutor), mappingColumn=tMethod, insertable=true, updatable=true, unique=false}
DEBUG main org.hibernate.cfg.annotations.PropertyBinder - MetadataSourceProcessor property tMethod with lazy=false
DEBUG main org.hibernate.cfg.AbstractPropertyHolder - Attempting to locate auto-apply AttributeConverter for property [org.ninthgang.time.domain.Tutor:tMethod]
DEBUG main org.hibernate.cfg.annotations.SimpleValueBinder - building SimpleValue for tMethod
DEBUG main org.hibernate.cfg.annotations.PropertyBinder - Building property tMethod
DEBUG main org.hibernate.cfg.Ejb3Column - Binding column: Ejb3Column{table=org.hibernate.mapping.Table(t_fTutor), mappingColumn=tRequest, insertable=true, updatable=true, unique=false}
DEBUG main org.hibernate.cfg.annotations.PropertyBinder - MetadataSourceProcessor property tRequest with lazy=false
DEBUG main org.hibernate.cfg.AbstractPropertyHolder - Attempting to locate auto-apply AttributeConverter for property [org.ninthgang.time.domain.Tutor:tRequest]
DEBUG main org.hibernate.cfg.annotations.SimpleValueBinder - building SimpleValue for tRequest
DEBUG main org.hibernate.cfg.annotations.PropertyBinder - Building property tRequest
DEBUG main org.hibernate.cfg.Ejb3Column - Binding column: Ejb3Column{table=org.hibernate.mapping.Table(t_fTutor), mappingColumn=tSex, insertable=true, updatable=true, unique=false}
DEBUG main org.hibernate.cfg.annotations.PropertyBinder - MetadataSourceProcessor property tSex with lazy=false
DEBUG main org.hibernate.cfg.AbstractPropertyHolder - Attempting to locate auto-apply AttributeConverter for property [org.ninthgang.time.domain.Tutor:tSex]
DEBUG main org.hibernate.cfg.annotations.SimpleValueBinder - building SimpleValue for tSex
DEBUG main org.hibernate.cfg.annotations.PropertyBinder - Building property tSex
DEBUG main org.hibernate.cfg.Ejb3Column - Binding column: Ejb3Column{table=org.hibernate.mapping.Table(t_fTutor), mappingColumn=tState, insertable=true, updatable=true, unique=false}
DEBUG main org.hibernate.cfg.annotations.PropertyBinder - MetadataSourceProcessor property tState with lazy=false
DEBUG main org.hibernate.cfg.AbstractPropertyHolder - Attempting to locate auto-apply AttributeConverter for property [org.ninthgang.time.domain.Tutor:tState]
DEBUG main org.hibernate.cfg.annotations.SimpleValueBinder - building SimpleValue for tState
DEBUG main org.hibernate.cfg.annotations.PropertyBinder - Building property tState
DEBUG main org.hibernate.cfg.Ejb3Column - Binding column: Ejb3Column{table=org.hibernate.mapping.Table(t_fTutor), mappingColumn=tTel, insertable=true, updatable=true, unique=false}
DEBUG main org.hibernate.cfg.annotations.PropertyBinder - MetadataSourceProcessor property tTel with lazy=false
DEBUG main org.hibernate.cfg.AbstractPropertyHolder - Attempting to locate auto-apply AttributeConverter for property [org.ninthgang.time.domain.Tutor:tTel]
DEBUG main org.hibernate.cfg.annotations.SimpleValueBinder - building SimpleValue for tTel
DEBUG main org.hibernate.cfg.annotations.PropertyBinder - Building property tTel
DEBUG main org.hibernate.cfg.Ejb3Column - Binding column: Ejb3Column{table=org.hibernate.mapping.Table(t_fTutor), mappingColumn=tTime, insertable=true, updatable=true, unique=false}
DEBUG main org.hibernate.cfg.annotations.PropertyBinder - MetadataSourceProcessor property tTime with lazy=false
DEBUG main org.hibernate.cfg.AbstractPropertyHolder - Attempting to locate auto-apply AttributeConverter for property [org.ninthgang.time.domain.Tutor:tTime]
DEBUG main org.hibernate.cfg.annotations.SimpleValueBinder - building SimpleValue for tTime
DEBUG main org.hibernate.cfg.annotations.PropertyBinder - Building property tTime
DEBUG main org.hibernate.cfg.AnnotationBinder - Binding entity from annotated class: org.ninthgang.time.domain.Student
DEBUG main org.hibernate.cfg.Ejb3Column - Binding column: Ejb3DiscriminatorColumn{logicalColumnName'DTYPE', discriminatorTypeName='string'}
DEBUG main org.hibernate.cfg.AnnotationBinder - No value specified for 'javax.persistence.sharedCache.mode'; using UNSPECIFIED
DEBUG main org.hibernate.cfg.annotations.EntityBinder - Import with entity name Student
DEBUG main org.hibernate.cfg.annotations.EntityBinder - Bind entity org.ninthgang.time.domain.Student on table t_student
DEBUG main org.hibernate.cfg.Ejb3Column - Binding column: Ejb3Column{table=org.hibernate.mapping.Table(t_student), mappingColumn=stuID, insertable=true, updatable=true, unique=false}
DEBUG main org.hibernate.cfg.annotations.PropertyBinder - MetadataSourceProcessor property stuID with lazy=false
DEBUG main org.hibernate.cfg.AbstractPropertyHolder - Attempting to locate auto-apply AttributeConverter for property [org.ninthgang.time.domain.Student:stuID]
DEBUG main org.hibernate.cfg.annotations.SimpleValueBinder - building SimpleValue for stuID
DEBUG main org.hibernate.cfg.annotations.PropertyBinder - Building property stuID
DEBUG main org.hibernate.cfg.Ejb3Column - Binding column: Ejb3Column{table=org.hibernate.mapping.Table(t_student), mappingColumn=stuAddress, insertable=true, updatable=true, unique=false}
DEBUG main org.hibernate.cfg.annotations.PropertyBinder - MetadataSourceProcessor property stuAddress with lazy=false
DEBUG main org.hibernate.cfg.AbstractPropertyHolder - Attempting to locate auto-apply AttributeConverter for property [org.ninthgang.time.domain.Student:stuAddress]
DEBUG main org.hibernate.cfg.annotations.SimpleValueBinder - building SimpleValue for stuAddress
DEBUG main org.hibernate.cfg.annotations.PropertyBinder - Building property stuAddress
DEBUG main org.hibernate.cfg.Ejb3Column - Binding column: Ejb3Column{table=org.hibernate.mapping.Table(t_student), mappingColumn=stuContent, insertable=true, updatable=true, unique=false}
DEBUG main org.hibernate.cfg.annotations.PropertyBinder - MetadataSourceProcessor property stuContent with lazy=false
DEBUG main org.hibernate.cfg.AbstractPropertyHolder - Attempting to locate auto-apply AttributeConverter for property [org.ninthgang.time.domain.Student:stuContent]
DEBUG main org.hibernate.cfg.annotations.SimpleValueBinder - building SimpleValue for stuContent
DEBUG main org.hibernate.cfg.annotations.PropertyBinder - Building property stuContent
DEBUG main org.hibernate.cfg.Ejb3Column - Binding column: Ejb3Column{table=org.hibernate.mapping.Table(t_student), mappingColumn=stuGrade, insertable=true, updatable=true, unique=false}
DEBUG main org.hibernate.cfg.annotations.PropertyBinder - MetadataSourceProcessor property stuGrade with lazy=false
DEBUG main org.hibernate.cfg.AbstractPropertyHolder - Attempting to locate auto-apply AttributeConverter for property [org.ninthgang.time.domain.Student:stuGrade]
DEBUG main org.hibernate.cfg.annotations.SimpleValueBinder - building SimpleValue for stuGrade
DEBUG main org.hibernate.cfg.annotations.PropertyBinder - Building property stuGrade
DEBUG main org.hibernate.cfg.Ejb3Column - Binding column: Ejb3Column{table=org.hibernate.mapping.Table(t_student), mappingColumn=stuName, insertable=true, updatable=true, unique=false}
DEBUG main org.hibernate.cfg.annotations.PropertyBinder - MetadataSourceProcessor property stuName with lazy=false
DEBUG main org.hibernate.cfg.AbstractPropertyHolder - Attempting to locate auto-apply AttributeConverter for property [org.ninthgang.time.domain.Student:stuName]
DEBUG main org.hibernate.cfg.annotations.SimpleValueBinder - building SimpleValue for stuName
DEBUG main org.hibernate.cfg.annotations.PropertyBinder - Building property stuName
DEBUG main org.hibernate.cfg.Ejb3Column - Binding column: Ejb3Column{table=org.hibernate.mapping.Table(t_student), mappingColumn=stuNote, insertable=true, updatable=true, unique=false}
DEBUG main org.hibernate.cfg.annotations.PropertyBinder - MetadataSourceProcessor property stuNote with lazy=false
DEBUG main org.hibernate.cfg.AbstractPropertyHolder - Attempting to locate auto-apply AttributeConverter for property [org.ninthgang.time.domain.Student:stuNote]
DEBUG main org.hibernate.cfg.annotations.SimpleValueBinder - building SimpleValue for stuNote
DEBUG main org.hibernate.cfg.annotations.PropertyBinder - Building property stuNote
DEBUG main org.hibernate.cfg.Ejb3Column - Binding column: Ejb3Column{table=org.hibernate.mapping.Table(t_student), mappingColumn=stuSex, insertable=true, updatable=true, unique=false}
DEBUG main org.hibernate.cfg.annotations.PropertyBinder - MetadataSourceProcessor property stuSex with lazy=false
DEBUG main org.hibernate.cfg.AbstractPropertyHolder - Attempting to locate auto-apply AttributeConverter for property [org.ninthgang.time.domain.Student:stuSex]
DEBUG main org.hibernate.cfg.annotations.SimpleValueBinder - building SimpleValue for stuSex
DEBUG main org.hibernate.cfg.annotations.PropertyBinder - Building property stuSex
DEBUG main org.hibernate.cfg.Ejb3Column - Binding column: Ejb3Column{table=org.hibernate.mapping.Table(t_student), mappingColumn=stuTel, insertable=true, updatable=true, unique=false}
DEBUG main org.hibernate.cfg.annotations.PropertyBinder - MetadataSourceProcessor property stuTel with lazy=false
DEBUG main org.hibernate.cfg.AbstractPropertyHolder - Attempting to locate auto-apply AttributeConverter for property [org.ninthgang.time.domain.Student:stuTel]
DEBUG main org.hibernate.cfg.annotations.SimpleValueBinder - building SimpleValue for stuTel
DEBUG main org.hibernate.cfg.annotations.PropertyBinder - Building property stuTel
DEBUG main org.hibernate.cfg.annotations.SimpleValueBinder - Starting fillSimpleValue for id
DEBUG main org.hibernate.cfg.annotations.SimpleValueBinder - Starting fillSimpleValue for lastSignInDate
DEBUG main org.hibernate.cfg.annotations.SimpleValueBinder - Starting fillSimpleValue for signInCount
DEBUG main org.hibernate.cfg.annotations.SimpleValueBinder - Starting fillSimpleValue for userName
DEBUG main org.hibernate.cfg.annotations.SimpleValueBinder - Starting fillSimpleValue for tID
DEBUG main org.hibernate.cfg.annotations.SimpleValueBinder - Starting fillSimpleValue for name
DEBUG main org.hibernate.cfg.annotations.SimpleValueBinder - Starting fillSimpleValue for tAddress
DEBUG main org.hibernate.cfg.annotations.SimpleValueBinder - Starting fillSimpleValue for tCourse
DEBUG main org.hibernate.cfg.annotations.SimpleValueBinder - Starting fillSimpleValue for tGrade
DEBUG main org.hibernate.cfg.annotations.SimpleValueBinder - Starting fillSimpleValue for tMethod
DEBUG main org.hibernate.cfg.annotations.SimpleValueBinder - Starting fillSimpleValue for tRequest
DEBUG main org.hibernate.cfg.annotations.SimpleValueBinder - Starting fillSimpleValue for tSex
DEBUG main org.hibernate.cfg.annotations.SimpleValueBinder - Starting fillSimpleValue for tState
DEBUG main org.hibernate.cfg.annotations.SimpleValueBinder - Starting fillSimpleValue for tTel
DEBUG main org.hibernate.cfg.annotations.SimpleValueBinder - Starting fillSimpleValue for tTime
DEBUG main org.hibernate.cfg.annotations.SimpleValueBinder - Starting fillSimpleValue for stuID
DEBUG main org.hibernate.cfg.annotations.SimpleValueBinder - Starting fillSimpleValue for stuAddress
DEBUG main org.hibernate.cfg.annotations.SimpleValueBinder - Starting fillSimpleValue for stuContent
DEBUG main org.hibernate.cfg.annotations.SimpleValueBinder - Starting fillSimpleValue for stuGrade
DEBUG main org.hibernate.cfg.annotations.SimpleValueBinder - Starting fillSimpleValue for stuName
DEBUG main org.hibernate.cfg.annotations.SimpleValueBinder - Starting fillSimpleValue for stuNote
DEBUG main org.hibernate.cfg.annotations.SimpleValueBinder - Starting fillSimpleValue for stuSex
DEBUG main org.hibernate.cfg.annotations.SimpleValueBinder - Starting fillSimpleValue for stuTel
DEBUG main org.hibernate.cfg.Configuration - Processing fk mappings (*ToOne and JoinedSubclass)
DEBUG main org.hibernate.cfg.Configuration - Processing extends queue
DEBUG main org.hibernate.cfg.Configuration - Processing extends queue
DEBUG main org.hibernate.cfg.Configuration - Processing collection mappings
DEBUG main org.hibernate.cfg.Configuration - Processing native query and ResultSetMapping mappings
DEBUG main org.hibernate.cfg.Configuration - Processing association property references
DEBUG main org.hibernate.cfg.Configuration - Creating tables' unique integer identifiers
DEBUG main org.hibernate.cfg.Configuration - Processing foreign key constraints
DEBUG main org.hibernate.id.factory.internal.DefaultIdentifierGeneratorFactory - Setting dialect [org.hibernate.dialect.MySQLDialect]
DEBUG main org.hibernate.id.factory.internal.DefaultIdentifierGeneratorFactory - Setting dialect [org.hibernate.dialect.MySQLDialect]
DEBUG main org.hibernate.id.factory.internal.DefaultIdentifierGeneratorFactory - Setting dialect [org.hibernate.dialect.MySQLDialect]
DEBUG main org.hibernate.cfg.Configuration - Processing hbm.xml files
DEBUG main org.hibernate.cfg.Configuration - Process annotated classes
DEBUG main org.hibernate.cfg.Configuration - Processing fk mappings (*ToOne and JoinedSubclass)
DEBUG main org.hibernate.cfg.Configuration - Processing extends queue
DEBUG main org.hibernate.cfg.Configuration - Processing extends queue
DEBUG main org.hibernate.cfg.Configuration - Processing collection mappings
DEBUG main org.hibernate.cfg.Configuration - Processing native query and ResultSetMapping mappings
DEBUG main org.hibernate.cfg.Configuration - Processing association property references
DEBUG main org.hibernate.cfg.Configuration - Creating tables' unique integer identifiers
DEBUG main org.hibernate.cfg.Configuration - Processing foreign key constraints
DEBUG main org.hibernate.id.factory.internal.DefaultIdentifierGeneratorFactory - Setting dialect [org.hibernate.dialect.MySQLDialect]
DEBUG main org.hibernate.id.factory.internal.DefaultIdentifierGeneratorFactory - Setting dialect [org.hibernate.dialect.MySQLDialect]
DEBUG main org.hibernate.id.factory.internal.DefaultIdentifierGeneratorFactory - Setting dialect [org.hibernate.dialect.MySQLDialect]
DEBUG main org.hibernate.id.factory.internal.DefaultIdentifierGeneratorFactory - Setting dialect [org.hibernate.dialect.MySQLDialect]
DEBUG main org.hibernate.id.factory.internal.DefaultIdentifierGeneratorFactory - Setting dialect [org.hibernate.dialect.MySQLDialect]
DEBUG main org.hibernate.id.factory.internal.DefaultIdentifierGeneratorFactory - Setting dialect [org.hibernate.dialect.MySQLDialect]
INFO main org.hibernate.tool.hbm2ddl.SchemaExport - HHH000227: Running hbm2ddl schema export
DEBUG main org.hibernate.tool.hbm2ddl.SchemaExport - Import file not found: /import.sql
DEBUG main org.hibernate.integrator.internal.IntegratorServiceImpl - Adding Integrator [org.hibernate.cfg.beanvalidation.BeanValidationIntegrator].
DEBUG main org.hibernate.integrator.internal.IntegratorServiceImpl - Adding Integrator [org.hibernate.secure.spi.JaccIntegrator].
DEBUG main org.hibernate.integrator.internal.IntegratorServiceImpl - Adding Integrator [org.hibernate.cache.internal.CollectionCacheInvalidator].
DEBUG main org.hibernate.boot.registry.selector.internal.StrategySelectorImpl - Registering named strategy selector [org.hibernate.dialect.Dialect] : [MySQL5] -> [org.hibernate.dialect.MySQL5Dialect] (replacing [org.hibernate.dialect.MySQL5Dialect])
DEBUG main org.hibernate.boot.registry.selector.internal.StrategySelectorImpl - Registering named strategy selector [org.hibernate.dialect.Dialect] : [MySQL5InnoDB] -> [org.hibernate.dialect.MySQL5InnoDBDialect] (replacing [org.hibernate.dialect.MySQL5InnoDBDialect])
DEBUG main org.hibernate.service.spi.ServiceBinding - Overriding existing service binding [org.hibernate.secure.spi.JaccService]
WARN main org.hibernate.engine.jdbc.connections.internal.DriverManagerConnectionProviderImpl - HHH000402: Using Hibernate built-in connection pool (not for production use!)
INFO main org.hibernate.engine.jdbc.connections.internal.DriverManagerConnectionProviderImpl - HHH000401: using driver [com.mysql.jdbc.Driver] at URL [jdbc:mysql://localhost:3306/db_TimeOnline]
INFO main org.hibernate.engine.jdbc.connections.internal.DriverManagerConnectionProviderImpl - HHH000046: Connection properties: {user=root, password=137590332}
INFO main org.hibernate.engine.jdbc.connections.internal.DriverManagerConnectionProviderImpl - HHH000006: Autocommit mode: false
INFO main org.hibernate.engine.jdbc.connections.internal.DriverManagerConnectionProviderImpl - HHH000115: Hibernate connection pool size: 20 (min=1)
DEBUG main org.hibernate.engine.jdbc.connections.internal.DriverManagerConnectionProviderImpl - Initializing Connection pool with 1 Connections
DEBUG main org.hibernate.SQL - 
    drop table if exists t_fTutor
DEBUG main org.hibernate.SQL - 
    drop table if exists t_student
DEBUG main org.hibernate.SQL - 
    drop table if exists t_user
DEBUG main org.hibernate.SQL - 
    create table t_fTutor (
        tID integer not null auto_increment,
        name varchar(255),
        tAddress varchar(255),
        tCourse varchar(255),
        tGrade varchar(255),
        tMethod varchar(255),
        tRequest varchar(255),
        tSex varchar(255),
        tState varchar(255),
        tTel varchar(255),
        tTime varchar(255),
        primary key (tID)
    )
DEBUG main org.hibernate.SQL - 
    create table t_student (
        stuID integer not null auto_increment,
        stuAddress varchar(255),
        stuContent varchar(255),
        stuGrade varchar(255),
        stuName varchar(255),
        stuNote varchar(255),
        stuSex varchar(255),
        stuTel varchar(255),
        primary key (stuID)
    )
DEBUG main org.hibernate.SQL - 
    create table t_user (
        id integer not null auto_increment,
        lastSignInDate varchar(255),
        signInCount integer not null,
        userName varchar(255),
        primary key (id)
    )
INFO main org.hibernate.engine.jdbc.connections.internal.DriverManagerConnectionProviderImpl - HHH000030: Cleaning up connection pool [jdbc:mysql://localhost:3306/db_TimeOnline]
DEBUG main org.hibernate.boot.registry.internal.BootstrapServiceRegistryImpl - Implicitly destroying Boot-strap registry on de-registration of all child ServiceRegistries
INFO main org.hibernate.tool.hbm2ddl.SchemaExport - HHH000230: Schema export complete
INFO main org.hibernate.annotations.common.Version - HCANN000001: Hibernate Commons Annotations {4.0.4.Final}
INFO main org.hibernate.Version - HHH000412: Hibernate Core {4.3.5.Final}
INFO main org.hibernate.cfg.Environment - HHH000206: hibernate.properties not found
INFO main org.hibernate.cfg.Environment - HHH000021: Bytecode provider name : javassist
INFO main org.hibernate.cfg.Configuration - HHH000042: Configuring from file: hibernate.cfg.xml
INFO main org.hibernate.cfg.Configuration - HHH000041: Configured SessionFactory: null
INFO main org.hibernate.dialect.Dialect - HHH000400: Using dialect: org.hibernate.dialect.MySQLDialect
INFO main org.hibernate.tool.hbm2ddl.SchemaExport - HHH000227: Running hbm2ddl schema export
WARN main org.hibernate.engine.jdbc.connections.internal.DriverManagerConnectionProviderImpl - HHH000402: Using Hibernate built-in connection pool (not for production use!)
INFO main org.hibernate.engine.jdbc.connections.internal.DriverManagerConnectionProviderImpl - HHH000401: using driver [com.mysql.jdbc.Driver] at URL [jdbc:mysql://localhost:3306/db_TimeOnline]
INFO main org.hibernate.engine.jdbc.connections.internal.DriverManagerConnectionProviderImpl - HHH000046: Connection properties: {user=root, password=****}
INFO main org.hibernate.engine.jdbc.connections.internal.DriverManagerConnectionProviderImpl - HHH000006: Autocommit mode: false
INFO main org.hibernate.engine.jdbc.connections.internal.DriverManagerConnectionProviderImpl - HHH000115: Hibernate connection pool size: 20 (min=1)
INFO main org.hibernate.engine.jdbc.connections.internal.DriverManagerConnectionProviderImpl - HHH000030: Cleaning up connection pool [jdbc:mysql://localhost:3306/db_TimeOnline]
INFO main org.hibernate.tool.hbm2ddl.SchemaExport - HHH000230: Schema export complete
INFO main org.hibernate.annotations.common.Version - HCANN000001: Hibernate Commons Annotations {4.0.4.Final}
INFO main org.hibernate.Version - HHH000412: Hibernate Core {4.3.5.Final}
INFO main org.hibernate.cfg.Environment - HHH000206: hibernate.properties not found
INFO main org.hibernate.cfg.Environment - HHH000021: Bytecode provider name : javassist
INFO main org.hibernate.cfg.Configuration - HHH000042: Configuring from file: hibernate.cfg.xml
INFO main org.hibernate.cfg.Configuration - HHH000041: Configured SessionFactory: null
INFO main org.hibernate.dialect.Dialect - HHH000400: Using dialect: org.hibernate.dialect.MySQLDialect
INFO main org.hibernate.tool.hbm2ddl.SchemaExport - HHH000227: Running hbm2ddl schema export
WARN main org.hibernate.engine.jdbc.connections.internal.DriverManagerConnectionProviderImpl - HHH000402: Using Hibernate built-in connection pool (not for production use!)
INFO main org.hibernate.engine.jdbc.connections.internal.DriverManagerConnectionProviderImpl - HHH000401: using driver [com.mysql.jdbc.Driver] at URL [jdbc:mysql://localhost:3306/db_TimeOnline]
INFO main org.hibernate.engine.jdbc.connections.internal.DriverManagerConnectionProviderImpl - HHH000046: Connection properties: {user=root, password=****}
INFO main org.hibernate.engine.jdbc.connections.internal.DriverManagerConnectionProviderImpl - HHH000006: Autocommit mode: false
INFO main org.hibernate.engine.jdbc.connections.internal.DriverManagerConnectionProviderImpl - HHH000115: Hibernate connection pool size: 20 (min=1)
INFO main org.hibernate.engine.jdbc.connections.internal.DriverManagerConnectionProviderImpl - HHH000030: Cleaning up connection pool [jdbc:mysql://localhost:3306/db_TimeOnline]
INFO main org.hibernate.tool.hbm2ddl.SchemaExport - HHH000230: Schema export complete
